<?xml version="1.0" encoding="UTF-8" standalone="no"?>
<testsuite errors="0" failures="0" name="io.cucumber.core.plugin.JUnitFormatter" skipped="0" tests="1" time="24.472">
<testcase classname="apply shine Data creation" name="apply shine data creation scenario" time="23.83">
<system-out><![CDATA[Given user is already on login page.........................................passed
When title of page shine....................................................passed
Then click on login link....................................................passed
Then user enters "dhanu.jnv@gmail.com" and  "nilgirian" login...............passed
Then user is on home page title.............................................passed
]]></system-out>
</testcase>
</testsuite>
